[debug] ----------------------------------------------------------------------
[debug] Command:      C:\Program Files\nodejs\node.exe C:\Users\leona\AppData\Roaming\npm\node_modules\firebase-tools\bin\firebase serve
[debug] CLI Version:  3.7.0
[debug] Platform:     win32
[debug] Node Version: v6.9.4
[debug] Time:         Tue May 23 2017 13:38:17 GMT-0700 (Pacific Daylight Time)
[debug] ----------------------------------------------------------------------
[debug] 
[debug] > command requires scopes: ["email","openid","https://www.googleapis.com/auth/cloudplatformprojects.readonly","https://www.googleapis.com/auth/firebase","https://www.googleapis.com/auth/cloud-platform"]
[debug] >>> HTTP REQUEST GET https://admin.firebase.com/v1/projects/birchaquarium-fd036  
 Tue May 23 2017 13:38:18 GMT-0700 (Pacific Daylight Time)
[debug] <<< HTTP RESPONSE 200
[debug] >>> HTTP REQUEST GET https://admin.firebase.com/v1/database/birchaquarium-fd036/tokens  
 Tue May 23 2017 13:38:18 GMT-0700 (Pacific Daylight Time)
[debug] <<< HTTP RESPONSE 200
[info] Starting Firebase development server...
[info] 
[info] Project Directory: C:\Users\leona\OneDrive\Documents\Code_Projects\ENG100L
[debug] >>> HTTP REQUEST GET https://cloudresourcemanager.googleapis.com/v1/projects/birchaquarium-fd036  
 Tue May 23 2017 13:38:19 GMT-0700 (Pacific Daylight Time)
[debug] <<< HTTP RESPONSE 200
[debug] >>> HTTP REQUEST GET https://mobilesdk-pa.googleapis.com/v1/projects/33111057118/clients/_:getWebAppConfig  
 Tue May 23 2017 13:38:19 GMT-0700 (Pacific Daylight Time)
[debug] <<< HTTP RESPONSE 200
[info] Public Directory: public
[info] 
[info] Server listening at: http://localhost:5000
