0 info it worked if it ends with ok
1 verbose cli [ '/usr/local/bin/node',
1 verbose cli   '/usr/local/bin/npm',
1 verbose cli   'install',
1 verbose cli   '-g',
1 verbose cli   'firebase',
1 verbose cli   '-tools' ]
2 info using npm@2.14.12
3 info using node@v4.2.4
4 verbose install initial load of /usr/local/lib/package.json
5 verbose readDependencies loading dependencies from /usr/local/lib/package.json
6 silly cache add args [ 'firebase', null ]
7 verbose cache add spec firebase
8 silly cache add parsed spec Result {
8 silly cache add   raw: 'firebase',
8 silly cache add   scope: null,
8 silly cache add   name: 'firebase',
8 silly cache add   rawSpec: '',
8 silly cache add   spec: 'latest',
8 silly cache add   type: 'tag' }
9 silly addNamed firebase@latest
10 verbose addNamed "latest" is being treated as a dist-tag for firebase
11 info addNameTag [ 'firebase', 'latest' ]
12 silly mapToRegistry name firebase
13 silly mapToRegistry using default registry
14 silly mapToRegistry registry https://registry.npmjs.org/
15 silly mapToRegistry uri https://registry.npmjs.org/firebase
16 verbose addNameTag registry:https://registry.npmjs.org/firebase not in flight; fetching
17 verbose request uri https://registry.npmjs.org/firebase
18 verbose request no auth needed
19 info attempt registry request try #1 at 10:30:14 AM
20 verbose request id 0f8962cd2b44c606
21 verbose etag W/"58bd1d8b-1c7ac"
22 verbose lastModified Mon, 06 Mar 2017 08:27:55 GMT
23 http request GET https://registry.npmjs.org/firebase
24 http 200 https://registry.npmjs.org/firebase
25 verbose headers { server: 'nginx/1.10.1',
25 verbose headers   'content-type': 'application/json',
25 verbose headers   'last-modified': 'Tue, 25 Apr 2017 21:40:51 GMT',
25 verbose headers   etag: 'W/"58ffc263-200d8"',
25 verbose headers   'content-encoding': 'gzip',
25 verbose headers   'cache-control': 'max-age=300',
25 verbose headers   'content-length': '13371',
25 verbose headers   'accept-ranges': 'bytes',
25 verbose headers   date: 'Tue, 02 May 2017 17:30:14 GMT',
25 verbose headers   via: '1.1 varnish',
25 verbose headers   age: '29',
25 verbose headers   connection: 'keep-alive',
25 verbose headers   'x-served-by': 'cache-lax8633-LAX',
25 verbose headers   'x-cache': 'HIT',
25 verbose headers   'x-cache-hits': '2',
25 verbose headers   'x-timer': 'S1493746215.564322,VS0,VE0',
25 verbose headers   vary: 'Accept-Encoding' }
26 silly get cb [ 200,
26 silly get   { server: 'nginx/1.10.1',
26 silly get     'content-type': 'application/json',
26 silly get     'last-modified': 'Tue, 25 Apr 2017 21:40:51 GMT',
26 silly get     etag: 'W/"58ffc263-200d8"',
26 silly get     'content-encoding': 'gzip',
26 silly get     'cache-control': 'max-age=300',
26 silly get     'content-length': '13371',
26 silly get     'accept-ranges': 'bytes',
26 silly get     date: 'Tue, 02 May 2017 17:30:14 GMT',
26 silly get     via: '1.1 varnish',
26 silly get     age: '29',
26 silly get     connection: 'keep-alive',
26 silly get     'x-served-by': 'cache-lax8633-LAX',
26 silly get     'x-cache': 'HIT',
26 silly get     'x-cache-hits': '2',
26 silly get     'x-timer': 'S1493746215.564322,VS0,VE0',
26 silly get     vary: 'Accept-Encoding' } ]
27 verbose get saving firebase to /Users/briannamarie/.npm/registry.npmjs.org/firebase/.cache.json
28 silly addNameTag next cb for firebase with tag latest
29 silly addNamed firebase@3.9.0
30 verbose addNamed "3.9.0" is a plain semver version for firebase
31 silly mapToRegistry name firebase
32 silly mapToRegistry using default registry
33 silly mapToRegistry registry https://registry.npmjs.org/
34 silly mapToRegistry uri https://registry.npmjs.org/firebase
35 verbose addRemoteTarball https://registry.npmjs.org/firebase/-/firebase-3.9.0.tgz not in flight; adding
36 verbose addRemoteTarball [ 'https://registry.npmjs.org/firebase/-/firebase-3.9.0.tgz',
36 verbose addRemoteTarball   'c4237f50f58eeb25081b1839d6cbf175f8f7ed9b' ]
37 info retry fetch attempt 1 at 10:30:14 AM
38 info attempt registry request try #1 at 10:30:14 AM
39 http fetch GET https://registry.npmjs.org/firebase/-/firebase-3.9.0.tgz
40 http fetch 200 https://registry.npmjs.org/firebase/-/firebase-3.9.0.tgz
41 silly fetchAndShaCheck shasum c4237f50f58eeb25081b1839d6cbf175f8f7ed9b
42 verbose addTmpTarball /var/folders/s0/jj84_48j6vq29zznpq3vgqmm0000gp/T/npm-92199-97c746ef/registry.npmjs.org/firebase/-/firebase-3.9.0.tgz not in flight; adding
43 verbose addTmpTarball already have metadata; skipping unpack for firebase@3.9.0
44 silly cache afterAdd firebase@3.9.0
45 verbose afterAdd /Users/briannamarie/.npm/firebase/3.9.0/package/package.json not in flight; writing
46 verbose afterAdd /Users/briannamarie/.npm/firebase/3.9.0/package/package.json written
47 silly install resolved [ { name: 'firebase',
47 silly install resolved     version: '3.9.0',
47 silly install resolved     description: 'Firebase JavaScript library for web and Node.js',
47 silly install resolved     author:
47 silly install resolved      { name: 'Firebase',
47 silly install resolved        email: 'firebase-support@google.com',
47 silly install resolved        url: 'https://firebase.google.com/' },
47 silly install resolved     license: 'SEE LICENSE IN https://firebase.google.com/terms/',
47 silly install resolved     homepage: 'https://firebase.google.com/',
47 silly install resolved     keywords:
47 silly install resolved      [ 'authentication',
47 silly install resolved        'database',
47 silly install resolved        'Firebase',
47 silly install resolved        'firebase',
47 silly install resolved        'realtime',
47 silly install resolved        'storage' ],
47 silly install resolved     repository: { type: 'none', url: 'https://firebase.google.com/' },
47 silly install resolved     main: 'firebase-node.js',
47 silly install resolved     dependencies:
47 silly install resolved      { 'dom-storage': '^2.0.2',
47 silly install resolved        'faye-websocket': '0.9.3',
47 silly install resolved        jsonwebtoken: '^7.3.0',
47 silly install resolved        'promise-polyfill': '^6.0.2',
47 silly install resolved        xmlhttprequest: '^1.8.0' },
47 silly install resolved     browser: 'firebase-browser.js',
47 silly install resolved     'react-native': 'firebase-react-native.js',
47 silly install resolved     types: 'firebase.d.ts',
47 silly install resolved     _id: 'firebase@3.9.0',
47 silly install resolved     _shasum: 'c4237f50f58eeb25081b1839d6cbf175f8f7ed9b',
47 silly install resolved     _resolved: 'https://registry.npmjs.org/firebase/-/firebase-3.9.0.tgz',
47 silly install resolved     _from: 'firebase@latest',
47 silly install resolved     scripts: {},
47 silly install resolved     _npmVersion: '3.10.8',
47 silly install resolved     _nodeVersion: '6.9.1',
47 silly install resolved     _npmUser: { name: 'firebase', email: 'operations+plainlogo@firebase.com' },
47 silly install resolved     dist:
47 silly install resolved      { shasum: 'c4237f50f58eeb25081b1839d6cbf175f8f7ed9b',
47 silly install resolved        tarball: 'https://registry.npmjs.org/firebase/-/firebase-3.9.0.tgz' },
47 silly install resolved     maintainers: [ [Object] ],
47 silly install resolved     _npmOperationalInternal:
47 silly install resolved      { host: 'packages-12-west.internal.npmjs.com',
47 silly install resolved        tmp: 'tmp/firebase-3.9.0.tgz_1493156449331_0.015848772367462516' },
47 silly install resolved     directories: {} } ]
48 info install firebase@3.9.0 into /usr/local/lib
49 info installOne firebase@3.9.0
50 verbose installOne of firebase to /usr/local/lib not in flight; installing
51 verbose lock using /Users/briannamarie/.npm/_locks/firebase-c75cead283afbaa7.lock for /usr/local/lib/node_modules/firebase
52 silly install write writing firebase 3.9.0 to /usr/local/lib/node_modules/firebase
53 verbose unbuild lib/node_modules/firebase
54 silly gentlyRm /usr/local/lib/node_modules/firebase is being purged from base /usr/local
55 verbose gentlyRm don't care about contents; nuking /usr/local/lib/node_modules/firebase
56 verbose tar unpack /Users/briannamarie/.npm/firebase/3.9.0/package.tgz
57 verbose tar unpacking to /usr/local/lib/node_modules/firebase
58 silly gentlyRm /usr/local/lib/node_modules/firebase is being purged
59 verbose gentlyRm don't care about contents; nuking /usr/local/lib/node_modules/firebase
60 silly gunzTarPerm modes [ '755', '644' ]
61 error tar.unpack untar error /Users/briannamarie/.npm/firebase/3.9.0/package.tgz
62 verbose unlock done using /Users/briannamarie/.npm/_locks/firebase-c75cead283afbaa7.lock for /usr/local/lib/node_modules/firebase
63 verbose fstream_path /usr/local/lib/node_modules/firebase
64 verbose fstream_type Directory
65 verbose fstream_class DirWriter
66 verbose stack Error: EACCES: permission denied, mkdir '/usr/local/lib/node_modules/firebase'
66 verbose stack     at Error (native)
67 verbose fstream_stack /usr/local/lib/node_modules/npm/node_modules/fstream/lib/dir-writer.js:35:25
67 verbose fstream_stack /usr/local/lib/node_modules/npm/node_modules/mkdirp/index.js:47:53
67 verbose fstream_stack FSReqWrap.oncomplete (fs.js:82:15)
68 verbose cwd /Users/briannamarie/Dropbox/PersonalComputer/Ucsd/Year5/Spring/eng100L/git/eng100l
69 error Darwin 16.4.0
70 error argv "/usr/local/bin/node" "/usr/local/bin/npm" "install" "-g" "firebase" "-tools"
71 error node v4.2.4
72 error npm  v2.14.12
73 error path /usr/local/lib/node_modules/firebase
74 error code EACCES
75 error errno -13
76 error syscall mkdir
77 error Error: EACCES: permission denied, mkdir '/usr/local/lib/node_modules/firebase'
77 error     at Error (native)
77 error  { [Error: EACCES: permission denied, mkdir '/usr/local/lib/node_modules/firebase']
77 error   errno: -13,
77 error   code: 'EACCES',
77 error   syscall: 'mkdir',
77 error   path: '/usr/local/lib/node_modules/firebase',
77 error   fstream_type: 'Directory',
77 error   fstream_path: '/usr/local/lib/node_modules/firebase',
77 error   fstream_class: 'DirWriter',
77 error   fstream_stack:
77 error    [ '/usr/local/lib/node_modules/npm/node_modules/fstream/lib/dir-writer.js:35:25',
77 error      '/usr/local/lib/node_modules/npm/node_modules/mkdirp/index.js:47:53',
77 error      'FSReqWrap.oncomplete (fs.js:82:15)' ] }
78 error Please try running this command again as root/Administrator.
79 verbose exit [ -13, true ]
80 verbose unbuild lib/node_modules/firebase
81 silly gentlyRm /usr/local/lib/node_modules/firebase is being purged from base /usr/local
82 verbose gentlyRm don't care about contents; nuking /usr/local/lib/node_modules/firebase
